Determining if the pthread_create exist failed with the following output:
Change Dir: /home/pi/York_Robotics_2017_Vision/CMakeFiles/CMakeTmp

Run Build Command:"/usr/bin/make" "cmTC_3dff7/fast"
/usr/bin/make -f CMakeFiles/cmTC_3dff7.dir/build.make CMakeFiles/cmTC_3dff7.dir/build
make[1]: Entering directory '/home/pi/York_Robotics_2017_Vision/CMakeFiles/CMakeTmp'
Building C object CMakeFiles/cmTC_3dff7.dir/CheckSymbolExists.c.o
/usr/bin/cc     -o CMakeFiles/cmTC_3dff7.dir/CheckSymbolExists.c.o   -c /home/pi/York_Robotics_2017_Vision/CMakeFiles/CMakeTmp/CheckSymbolExists.c
Linking C executable cmTC_3dff7
/usr/bin/cmake -E cmake_link_script CMakeFiles/cmTC_3dff7.dir/link.txt --verbose=1
/usr/bin/cc       CMakeFiles/cmTC_3dff7.dir/CheckSymbolExists.c.o  -o cmTC_3dff7 -rdynamic 
CMakeFiles/cmTC_3dff7.dir/CheckSymbolExists.c.o: In function `main':
CheckSymbolExists.c:(.text+0x38): undefined reference to `pthread_create'
collect2: error: ld returned 1 exit status
CMakeFiles/cmTC_3dff7.dir/build.make:97: recipe for target 'cmTC_3dff7' failed
make[1]: *** [cmTC_3dff7] Error 1
make[1]: Leaving directory '/home/pi/York_Robotics_2017_Vision/CMakeFiles/CMakeTmp'
Makefile:126: recipe for target 'cmTC_3dff7/fast' failed
make: *** [cmTC_3dff7/fast] Error 2

File /home/pi/York_Robotics_2017_Vision/CMakeFiles/CMakeTmp/CheckSymbolExists.c:
/* */
#include <pthread.h>

int main(int argc, char** argv)
{
  (void)argv;
#ifndef pthread_create
  return ((int*)(&pthread_create))[argc];
#else
  (void)argc;
  return 0;
#endif
}

Determining if the function pthread_create exists in the pthreads failed with the following output:
Change Dir: /home/pi/York_Robotics_2017_Vision/CMakeFiles/CMakeTmp

Run Build Command:"/usr/bin/make" "cmTC_dbf6b/fast"
/usr/bin/make -f CMakeFiles/cmTC_dbf6b.dir/build.make CMakeFiles/cmTC_dbf6b.dir/build
make[1]: Entering directory '/home/pi/York_Robotics_2017_Vision/CMakeFiles/CMakeTmp'
Building C object CMakeFiles/cmTC_dbf6b.dir/CheckFunctionExists.c.o
/usr/bin/cc    -DCHECK_FUNCTION_EXISTS=pthread_create   -o CMakeFiles/cmTC_dbf6b.dir/CheckFunctionExists.c.o   -c /usr/share/cmake-3.6/Modules/CheckFunctionExists.c
Linking C executable cmTC_dbf6b
/usr/bin/cmake -E cmake_link_script CMakeFiles/cmTC_dbf6b.dir/link.txt --verbose=1
/usr/bin/cc   -DCHECK_FUNCTION_EXISTS=pthread_create    CMakeFiles/cmTC_dbf6b.dir/CheckFunctionExists.c.o  -o cmTC_dbf6b -rdynamic -lpthreads 
/usr/bin/ld: cannot find -lpthreads
collect2: error: ld returned 1 exit status
CMakeFiles/cmTC_dbf6b.dir/build.make:97: recipe for target 'cmTC_dbf6b' failed
make[1]: *** [cmTC_dbf6b] Error 1
make[1]: Leaving directory '/home/pi/York_Robotics_2017_Vision/CMakeFiles/CMakeTmp'
Makefile:126: recipe for target 'cmTC_dbf6b/fast' failed
make: *** [cmTC_dbf6b/fast] Error 2


Performing C++ SOURCE FILE Test COMPILER_SUPPORTS_CXX1z failed with the following output:
Change Dir: /home/pi/York_Robotics_2017_Vision/CMakeFiles/CMakeTmp

Run Build Command:"/usr/bin/make" "cmTC_a7514/fast"
/usr/bin/make -f CMakeFiles/cmTC_a7514.dir/build.make CMakeFiles/cmTC_a7514.dir/build
make[1]: Entering directory '/home/pi/York_Robotics_2017_Vision/CMakeFiles/CMakeTmp'
Building CXX object CMakeFiles/cmTC_a7514.dir/src.cxx.o
/usr/bin/c++     -DCOMPILER_SUPPORTS_CXX1z   -std=c++1z -o CMakeFiles/cmTC_a7514.dir/src.cxx.o -c /home/pi/York_Robotics_2017_Vision/CMakeFiles/CMakeTmp/src.cxx
c++: error: unrecognized command line option '-std=c++1z'
CMakeFiles/cmTC_a7514.dir/build.make:65: recipe for target 'CMakeFiles/cmTC_a7514.dir/src.cxx.o' failed
make[1]: *** [CMakeFiles/cmTC_a7514.dir/src.cxx.o] Error 1
make[1]: Leaving directory '/home/pi/York_Robotics_2017_Vision/CMakeFiles/CMakeTmp'
Makefile:126: recipe for target 'cmTC_a7514/fast' failed
make: *** [cmTC_a7514/fast] Error 2

Source file was:
int main() { return 0; }
